<?xml version="1.0" encoding="utf-8"?><testsuites name="pytest tests"><testsuite name="pytest" errors="0" failures="0" skipped="0" tests="24" time="0.800" timestamp="2026-08-29T15:04:00.828506+00:00" hostname="71b5ec1f9a0e"><testcase classname="tests.test_project_requirements" name="test_inflation_is_six_percent" time="0.018" /><testcase classname="tests.test_project_requirements" name="test_future_cost_uses_six_percent" time="0.000" /><testcase classname="tests.test_project_requirements" name="test_future_cost_multiple_years" time="0.000" /><testcase classname="tests.test_project_requirements" name="test_zero_year_is_rejected" time="0.000" /><testcase classname="tests.test_project_requirements" name="test_over_max_timeline_is_rejected" time="0.000" /><testcase classname="tests.test_project_requirements" name="test_negative_saving_is_rejected" time="0.000" /><testcase classname="tests.test_project_requirements" name="test_saving_over_100_is_rejected" time="0.000" /><testcase classname="tests.test_project_requirements" name="test_zero_salary_is_rejected" time="0.000" /><testcase classname="tests.test_project_requirements" name="test_city_lookup_is_case_insensitive" time="0.005" /><testcase classname="tests.test_project_requirements" name="test_unknown_city_is_rejected" time="0.003" /><testcase classname="tests.test_project_requirements" name="test_unknown_area_is_rejected" time="0.002" /><testcase classname="tests.test_project_requirements" name="test_feasibility_achievable" time="0.000" /><testcase classname="tests.test_project_requirements" name="test_feasibility_challenging" time="0.000" /><testcase classname="tests.test_project_requirements" name="test_feasibility_highly_challenging" time="0.000" /><testcase classname="tests.test_project_requirements" name="test_entered_salary_is_primary" time="0.002" /><testcase classname="tests.test_project_requirements" name="test_plan_has_three_separate_goals" time="0.002" /><testcase classname="tests.test_project_requirements" name="test_monthly_investment_is_positive" time="0.000" /><testcase classname="tests.test_project_requirements" name="test_salary_dataset_has_required_columns" time="0.002" /><testcase classname="tests.test_project_requirements" name="test_three_models_without_random_forest" time="0.057" /><testcase classname="tests.test_project_requirements" name="test_rag_retrieves_local_guidance" time="0.006" /><testcase classname="tests.test_project_requirements" name="test_rag_unknown_question_returns_no_results" time="0.001" /><testcase classname="tests.test_project_requirements" name="test_rag_prompt_injection_is_not_executed" time="0.001" /><testcase classname="tests.test_project_requirements" name="test_rag_has_three_local_documents" time="0.000" /><testcase classname="tests.test_project_requirements" name="test_expected_annual_return_is_positive" time="0.000" /></testsuite></testsuites>